<?xml version="1.0" encoding="UTF-8"?>
<!-- Generated by org.testng.reporters.JUnitXMLReporter -->
<testsuite hostname="vasu-PC" name="vasu" tests="8" failures="0" timestamp="30 Aug 2018 03:32:17 GMT" time="13.297" errors="0">
  <testcase name="@BeforeTest appLaunch" time="0.0" classname="com.vasu.testng.Annotations">
    <failure type="org.openqa.selenium.remote.UnreachableBrowserException" message="Error communicating with the remote browser. It may have died.
Build info: version: &amp;apos;2.53.0&amp;apos;, revision: &amp;apos;35ae25b&amp;apos;, time: &amp;apos;2016-03-15 17:00:58&amp;apos;
System info: host: &amp;apos;vasu-PC&amp;apos;, ip: &amp;apos;192.168.56.1&amp;apos;, os.name: &amp;apos;Windows 7&amp;apos;, os.arch: &amp;apos;amd64&amp;apos;, os.version: &amp;apos;6.1&amp;apos;, java.version: &amp;apos;1.8.0_161&amp;apos;
Driver info: driver.version: RemoteWebDriver
Capabilities [{applicationCacheEnabled=true, rotatable=false, handlesAlerts=true, databaseEnabled=true, version=35.0, platform=WINDOWS, nativeEvents=false, acceptSslCerts=true, webStorageEnabled=true, locationContextEnabled=true, browserName=firefox, takesScreenshot=true, javascriptEnabled=true, cssSelectorsEnabled=true}]
Session ID: 040fbbb3-85ab-414b-a201-b7f6f13444fd">
      <![CDATA[org.openqa.selenium.remote.UnreachableBrowserException: Error communicating with the remote browser. It may have died.
Build info: version: '2.53.0', revision: '35ae25b', time: '2016-03-15 17:00:58'
System info: host: 'vasu-PC', ip: '192.168.56.1', os.name: 'Windows 7', os.arch: 'amd64', os.version: '6.1', java.version: '1.8.0_161'
Driver info: driver.version: RemoteWebDriver
Capabilities [{applicationCacheEnabled=true, rotatable=false, handlesAlerts=true, databaseEnabled=true, version=35.0, platform=WINDOWS, nativeEvents=false, acceptSslCerts=true, webStorageEnabled=true, locationContextEnabled=true, browserName=firefox, takesScreenshot=true, javascriptEnabled=true, cssSelectorsEnabled=true}]
Session ID: 040fbbb3-85ab-414b-a201-b7f6f13444fd
	at org.openqa.selenium.remote.RemoteWebDriver.execute(RemoteWebDriver.java:665)
	at org.openqa.selenium.remote.RemoteWebDriver.get(RemoteWebDriver.java:316)
	at com.vasu.testng.BeforeAndAfter.appLaunch(BeforeAndAfter.java:16)
Caused by: org.apache.http.conn.HttpHostConnectException: Connect to 127.0.0.1:7055 [/127.0.0.1] failed: Connection refused: connect
	at org.apache.http.impl.conn.DefaultHttpClientConnectionOperator.connect(DefaultHttpClientConnectionOperator.java:151)
	at org.apache.http.impl.conn.PoolingHttpClientConnectionManager.connect(PoolingHttpClientConnectionManager.java:353)
	at org.apache.http.impl.execchain.MainClientExec.establishRoute(MainClientExec.java:380)
	at org.apache.http.impl.execchain.MainClientExec.execute(MainClientExec.java:236)
	at org.apache.http.impl.execchain.ProtocolExec.execute(ProtocolExec.java:184)
	at org.apache.http.impl.execchain.RetryExec.execute(RetryExec.java:88)
	at org.apache.http.impl.execchain.RedirectExec.execute(RedirectExec.java:110)
	at org.apache.http.impl.client.InternalHttpClient.doExecute(InternalHttpClient.java:184)
	at org.apache.http.impl.client.CloseableHttpClient.execute(CloseableHttpClient.java:71)
	at org.apache.http.impl.client.CloseableHttpClient.execute(CloseableHttpClient.java:55)
	at org.openqa.selenium.remote.internal.ApacheHttpClient.fallBackExecute(ApacheHttpClient.java:162)
	at org.openqa.selenium.remote.internal.ApacheHttpClient.execute(ApacheHttpClient.java:90)
	at org.openqa.selenium.remote.HttpCommandExecutor.execute(HttpCommandExecutor.java:142)
	at org.openqa.selenium.firefox.internal.NewProfileExtensionConnection.execute(NewProfileExtensionConnection.java:160)
	at org.openqa.selenium.firefox.FirefoxDriver$LazyCommandExecutor.execute(FirefoxDriver.java:380)
	at org.openqa.selenium.remote.RemoteWebDriver.execute(RemoteWebDriver.java:644)
	... 24 more
Caused by: java.net.ConnectException: Connection refused: connect
	at java.net.DualStackPlainSocketImpl.waitForConnect(Native Method)
	at java.net.DualStackPlainSocketImpl.socketConnect(DualStackPlainSocketImpl.java:85)
	at java.net.AbstractPlainSocketImpl.doConnect(AbstractPlainSocketImpl.java:350)
	at java.net.AbstractPlainSocketImpl.connectToAddress(AbstractPlainSocketImpl.java:206)
	at java.net.AbstractPlainSocketImpl.connect(AbstractPlainSocketImpl.java:188)
	at java.net.PlainSocketImpl.connect(PlainSocketImpl.java:172)
	at java.net.SocksSocketImpl.connect(SocksSocketImpl.java:392)
	at java.net.Socket.connect(Socket.java:589)
	at org.apache.http.conn.socket.PlainConnectionSocketFactory.connectSocket(PlainConnectionSocketFactory.java:74)
	at org.apache.http.impl.conn.DefaultHttpClientConnectionOperator.connect(DefaultHttpClientConnectionOperator.java:134)
	... 39 more
... Removed 22 stack frames]]>
    </failure>
  </testcase> <!-- @BeforeTest appLaunch -->
  <testcase name="@AfterTest afterMethod" time="0.0" classname="com.vasu.testng.Annotations">
    <skipped/>
  </testcase> <!-- @AfterTest afterMethod -->
  <testcase name="@AfterTest appClose" time="0.0" classname="com.vasu.testng.Annotations">
    <skipped/>
  </testcase> <!-- @AfterTest appClose -->
  <testcase name="adminLogin" time="0.008" classname="com.vasu.testng.AdminLoginTest">
    <skipped/>
  </testcase> <!-- adminLogin -->
  <testcase name="testMethod" time="0.001" classname="com.vasu.testng.Annotations">
    <skipped/>
  </testcase> <!-- testMethod -->
  <testcase name="testMethod1" time="0.044" classname="com.vasu.testng.Annotations">
    <skipped/>
  </testcase> <!-- testMethod1 -->
  <testcase name="appLogin" time="0.002" classname="com.vasu.testng.BeforeAndAfter">
    <skipped/>
  </testcase> <!-- appLogin -->
  <testcase name="add" time="0.002" classname="com.vasu.testng.FirstTest">
    <skipped/>
  </testcase> <!-- add -->
  <testcase name="appClose" time="0.001" classname="com.vasu.testng.MultipleTest">
    <skipped/>
  </testcase> <!-- appClose -->
  <testcase name="appLogin" time="0.005" classname="com.vasu.testng.MultipleTest">
    <skipped/>
  </testcase> <!-- appLogin -->
  <testcase name="appLaunch" time="0.007" classname="com.vasu.testng.MultipleTest">
    <skipped/>
  </testcase> <!-- appLaunch -->
</testsuite> <!-- vasu -->
