<?xml version="1.0" encoding="UTF-8"?>
<!-- Generated by org.testng.reporters.JUnitXMLReporter -->
<testsuite hostname="vasu-PC" name="Sri" tests="2" failures="1" timestamp="30 Aug 2018 03:49:45 GMT" time="23.439" errors="0">
  <testcase name="empAdd" time="17.468" classname="com.vasu.testng.AddEmp"/>
  <testcase name="empList" time="2.001" classname="com.vasu.testng.EmpList">
    <failure type="java.lang.NullPointerException">
      <![CDATA[java.lang.NullPointerException
	at com.vasu.testng.EmpList.empList(EmpList.java:16)
... Removed 24 stack frames]]>
    </failure>
  </testcase> <!-- empList -->
</testsuite> <!-- Sri -->
