<?xml version="1.0" encoding="UTF-8"?>
<testng-results skipped="0" failed="1" total="2" passed="1">
  <reporter-output>
  </reporter-output>
  <suite name="Vasu" duration-ms="23439" started-at="2018-08-30T03:49:21Z" finished-at="2018-08-30T03:49:45Z">
    <groups>
    </groups>
    <test name="Sri" duration-ms="23439" started-at="2018-08-30T03:49:21Z" finished-at="2018-08-30T03:49:45Z">
      <class name="com.vasu.testng.AddEmp">
        <test-method status="PASS" signature="appLaunch()[pri:0, instance:com.vasu.testng.AddEmp@7f9a81e8]" name="appLaunch" is-config="true" duration-ms="10327" started-at="2018-08-30T09:19:11Z" finished-at="2018-08-30T09:19:21Z">
          <reporter-output>
          </reporter-output>
        </test-method> <!-- appLaunch -->
        <test-method status="PASS" signature="appLogin()[pri:0, instance:com.vasu.testng.AddEmp@7f9a81e8]" name="appLogin" is-config="true" duration-ms="3366" started-at="2018-08-30T09:19:21Z" finished-at="2018-08-30T09:19:25Z">
          <reporter-output>
          </reporter-output>
        </test-method> <!-- appLogin -->
        <test-method status="PASS" signature="empAdd()[pri:0, instance:com.vasu.testng.AddEmp@7f9a81e8]" name="empAdd" duration-ms="17468" started-at="2018-08-30T09:19:25Z" finished-at="2018-08-30T09:19:42Z">
          <reporter-output>
          </reporter-output>
        </test-method> <!-- empAdd -->
        <test-method status="PASS" signature="appLogout()[pri:0, instance:com.vasu.testng.AddEmp@7f9a81e8]" name="appLogout" is-config="true" duration-ms="574" started-at="2018-08-30T09:19:44Z" finished-at="2018-08-30T09:19:45Z">
          <reporter-output>
          </reporter-output>
        </test-method> <!-- appLogout -->
        <test-method status="PASS" signature="appClose()[pri:0, instance:com.vasu.testng.AddEmp@7f9a81e8]" name="appClose" is-config="true" duration-ms="1047" started-at="2018-08-30T09:19:45Z" finished-at="2018-08-30T09:19:46Z">
          <reporter-output>
          </reporter-output>
        </test-method> <!-- appClose -->
      </class> <!-- com.vasu.testng.AddEmp -->
      <class name="com.vasu.testng.EmpList">
        <test-method status="FAIL" signature="empList()[pri:0, instance:com.vasu.testng.EmpList@9629756]" name="empList" duration-ms="2001" started-at="2018-08-30T09:19:42Z" finished-at="2018-08-30T09:19:44Z">
          <exception class="java.lang.NullPointerException">
            <full-stacktrace>
              <![CDATA[java.lang.NullPointerException
	at com.vasu.testng.EmpList.empList(EmpList.java:16)
	at sun.reflect.NativeMethodAccessorImpl.invoke0(Native Method)
	at sun.reflect.NativeMethodAccessorImpl.invoke(NativeMethodAccessorImpl.java:62)
	at sun.reflect.DelegatingMethodAccessorImpl.invoke(DelegatingMethodAccessorImpl.java:43)
	at java.lang.reflect.Method.invoke(Method.java:498)
	at org.testng.internal.MethodInvocationHelper.invokeMethod(MethodInvocationHelper.java:85)
	at org.testng.internal.Invoker.invokeMethod(Invoker.java:639)
	at org.testng.internal.Invoker.invokeTestMethod(Invoker.java:816)
	at org.testng.internal.Invoker.invokeTestMethods(Invoker.java:1124)
	at org.testng.internal.TestMethodWorker.invokeTestMethods(TestMethodWorker.java:125)
	at org.testng.internal.TestMethodWorker.run(TestMethodWorker.java:108)
	at org.testng.TestRunner.privateRun(TestRunner.java:774)
	at org.testng.TestRunner.run(TestRunner.java:624)
	at org.testng.SuiteRunner.runTest(SuiteRunner.java:359)
	at org.testng.SuiteRunner.runSequentially(SuiteRunner.java:354)
	at org.testng.SuiteRunner.privateRun(SuiteRunner.java:312)
	at org.testng.SuiteRunner.run(SuiteRunner.java:261)
	at org.testng.SuiteRunnerWorker.runSuite(SuiteRunnerWorker.java:52)
	at org.testng.SuiteRunnerWorker.run(SuiteRunnerWorker.java:86)
	at org.testng.TestNG.runSuitesSequentially(TestNG.java:1215)
	at org.testng.TestNG.runSuitesLocally(TestNG.java:1140)
	at org.testng.TestNG.run(TestNG.java:1048)
	at org.testng.remote.AbstractRemoteTestNG.run(AbstractRemoteTestNG.java:114)
	at org.testng.remote.RemoteTestNG.initAndRun(RemoteTestNG.java:251)
	at org.testng.remote.RemoteTestNG.main(RemoteTestNG.java:77)
]]>
            </full-stacktrace>
          </exception> <!-- java.lang.NullPointerException -->
          <reporter-output>
          </reporter-output>
        </test-method> <!-- empList -->
      </class> <!-- com.vasu.testng.EmpList -->
    </test> <!-- Sri -->
  </suite> <!-- Vasu -->
</testng-results>
